Blind Sight/app/build/outputs/logs/manifest-merger-debug-report.txt
-- Merging decision tree log ---
manifest
ADDED from src\main\AndroidManifest.xml:2:1-370:12
INJECTED from src\main\AndroidManifest.xml:2:1-370:12
INJECTED from src\main\AndroidManifest.xml:2:1-370:12
INJECTED from src\main\AndroidManifest.xml:2:1-370:12
INJECTED from src\main\AndroidManifest.xml:2:1-370:12
INJECTED from src\main\AndroidManifest.xml:2:1-370:12
INJECTED from src\main\AndroidManifest.xml:2:1-370:12
	package
		ADDED from src\main\AndroidManifest.xml:2:70-115
		INJECTED from src\main\AndroidManifest.xml
		INJECTED from src\main\AndroidManifest.xml
	android:versionName
		INJECTED from src\main\AndroidManifest.xml
		ADDED from src\main\AndroidManifest.xml:2:1-370:12
		INJECTED from src\main\AndroidManifest.xml
	android:versionCode
		INJECTED from src\main\AndroidManifest.xml
		ADDED from src\main\AndroidManifest.xml:2:1-370:12
		INJECTED from src\main\AndroidManifest.xml
	xmlns:android
		ADDED from src\main\AndroidManifest.xml:2:11-69
uses-permission#android.permission.READ_SMS
ADDED from src\main\AndroidManifest.xml:4:5-67
	android:name
		ADDED from src\main\AndroidManifest.xml:4:22-64
uses-permission#android.permission.WRITE_SMS
ADDED from src\main\AndroidManifest.xml:5:5-68
	android:name
		ADDED from src\main\AndroidManifest.xml:5:22-65
uses-permission#android.permission.SEND_SMS
ADDED from src\main\AndroidManifest.xml:6:5-66
	android:name
		ADDED from src\main\AndroidManifest.xml:6:22-64
uses-permission#android.permission.RECEIVE_SMS
ADDED from src\main\AndroidManifest.xml:7:5-69
	android:name
		ADDED from src\main\AndroidManifest.xml:7:22-67
uses-permission#android.permission.READ_CONTACTS
ADDED from src\main\AndroidManifest.xml:8:5-72
	android:name
		ADDED from src\main\AndroidManifest.xml:8:22-69
uses-permission#android.permission.WRITE_CONTACTS
ADDED from src\main\AndroidManifest.xml:9:5-73
	android:name
		ADDED from src\main\AndroidManifest.xml:9:22-70
uses-permission#android.permission.READ_LOGS
ADDED from src\main\AndroidManifest.xml:10:5-67
	android:name
		ADDED from src\main\AndroidManifest.xml:10:22-65
uses-permission#android.permission.WRITE_CALL_LOG
ADDED from src\main\AndroidManifest.xml:11:5-72
	android:name
		ADDED from src\main\AndroidManifest.xml:11:22-70
uses-permission#android.permission.CALL_PHONE
ADDED from src\main\AndroidManifest.xml:12:5-69
	android:name
		ADDED from src\main\AndroidManifest.xml:12:22-66
uses-permission#android.permission.RECORD_AUDIO
ADDED from src\main\AndroidManifest.xml:13:5-71
	android:name
		ADDED from src\main\AndroidManifest.xml:13:22-68
uses-permission#android.permission.MODIFY_AUDIO_SETTINGS
ADDED from src\main\AndroidManifest.xml:14:5-80
	android:name
		ADDED from src\main\AndroidManifest.xml:14:22-77
uses-permission#android.permission.VIBRATE
ADDED from src\main\AndroidManifest.xml:15:5-65
	android:name
		ADDED from src\main\AndroidManifest.xml:15:22-63
uses-permission#android.permission.READ_PHONE_STATE
ADDED from src\main\AndroidManifest.xml:16:5-75
	android:name
		ADDED from src\main\AndroidManifest.xml:16:22-72
uses-permission#android.permission.INTERNET
ADDED from src\main\AndroidManifest.xml:17:5-67
	android:name
		ADDED from src\main\AndroidManifest.xml:17:22-64
uses-permission#android.permission.ACCESS_NETWORK_STATE
ADDED from src\main\AndroidManifest.xml:18:5-78
	android:name
		ADDED from src\main\AndroidManifest.xml:18:22-76
uses-permission#android.permission.CHANGE_WIFI_STATE
ADDED from src\main\AndroidManifest.xml:19:5-75
	android:name
		ADDED from src\main\AndroidManifest.xml:19:22-73
uses-permission#android.permission.ACCESS_WIFI_STATE
ADDED from src\main\AndroidManifest.xml:20:5-75
	android:name
		ADDED from src\main\AndroidManifest.xml:20:22-73
uses-permission#android.permission.WRITE_SETTINGS
ADDED from src\main\AndroidManifest.xml:21:5-72
	android:name
		ADDED from src\main\AndroidManifest.xml:21:22-70
uses-permission#android.permission.WRITE_EXTERNAL_STORAGE
ADDED from src\main\AndroidManifest.xml:22:5-81
	android:name
		ADDED from src\main\AndroidManifest.xml:22:22-78
uses-permission#android.permission.READ_EXTERNAL_STORAGE
ADDED from src\main\AndroidManifest.xml:23:5-80
	android:name
		ADDED from src\main\AndroidManifest.xml:23:22-77
uses-permission#android.permission.GET_TASKS
ADDED from src\main\AndroidManifest.xml:24:5-67
	android:name
		ADDED from src\main\AndroidManifest.xml:24:22-65
uses-permission#android.permission.WAKE_LOCK
ADDED from src\main\AndroidManifest.xml:25:5-68
	android:name
		ADDED from src\main\AndroidManifest.xml:25:22-65
uses-permission#android.permission.SYSTEM_ALERT_WINDOW
ADDED from src\main\AndroidManifest.xml:26:5-77
	android:name
		ADDED from src\main\AndroidManifest.xml:26:22-75
uses-permission#android.permission.BLUETOOTH
ADDED from src\main\AndroidManifest.xml:27:5-67
	android:name
		ADDED from src\main\AndroidManifest.xml:27:22-65
uses-permission#android.permission.BLUETOOTH_ADMIN
ADDED from src\main\AndroidManifest.xml:28:5-73
	android:name
		ADDED from src\main\AndroidManifest.xml:28:22-71
uses-permission#android.permission.ANSWER_PHONE_CALLS
ADDED from src\main\AndroidManifest.xml:29:5-76
	android:name
		ADDED from src\main\AndroidManifest.xml:29:22-74
uses-permission#android.permission.ACCESS_NOTIFICATION_POLICY
ADDED from src\main\AndroidManifest.xml:30:5-85
	android:name
		ADDED from src\main\AndroidManifest.xml:30:22-82
uses-feature#android.hardware.bluetooth
ADDED from src\main\AndroidManifest.xml:32:5-88
	android:required
		ADDED from src\main\AndroidManifest.xml:32:61-85
	android:name
		ADDED from src\main\AndroidManifest.xml:32:19-60
uses-feature#android.hardware.telephony
ADDED from src\main\AndroidManifest.xml:33:5-87
	android:required
		ADDED from src\main\AndroidManifest.xml:33:61-85
	android:name
		ADDED from src\main\AndroidManifest.xml:33:19-60
uses-feature#android.hardware.microphone
ADDED from src\main\AndroidManifest.xml:34:5-88
	android:required
		ADDED from src\main\AndroidManifest.xml:34:62-86
	android:name
		ADDED from src\main\AndroidManifest.xml:34:19-61
supports-screens
ADDED from src\main\AndroidManifest.xml:36:5-41:36
	android:largeScreens
		ADDED from src\main\AndroidManifest.xml:39:9-36
	android:smallScreens
		ADDED from src\main\AndroidManifest.xml:37:9-36
	android:normalScreens
		ADDED from src\main\AndroidManifest.xml:38:9-37
	android:xlargeScreens
		ADDED from src\main\AndroidManifest.xml:40:9-37
	android:resizeable
		ADDED from src\main\AndroidManifest.xml:36:23-48
	android:anyDensity
		ADDED from src\main\AndroidManifest.xml:41:9-34
application
ADDED from src\main\AndroidManifest.xml:43:5-369:19
	android:label
		ADDED from src\main\AndroidManifest.xml:47:9-41
	android:largeHeap
		ADDED from src\main\AndroidManifest.xml:45:9-33
	android:icon
		ADDED from src\main\AndroidManifest.xml:46:9-45
	android:allowBackup
		ADDED from src\main\AndroidManifest.xml:44:9-35
	android:theme
		ADDED from src\main\AndroidManifest.xml:48:9-56
activity#ar.com.lrusso.blindcommunicator.app.Main
ADDED from src\main\AndroidManifest.xml:50:9-62:20
	android:label
		ADDED from src\main\AndroidManifest.xml:52:13-56
	android:launchMode
		ADDED from src\main\AndroidManifest.xml:51:13-44
	android:configChanges
		ADDED from src\main\AndroidManifest.xml:54:13-74
	android:theme
		ADDED from src\main\AndroidManifest.xml:55:13-71
	android:name
		ADDED from src\main\AndroidManifest.xml:53:13-68
intent-filter#action:name:android.intent.action.MAIN+category:name:android.intent.category.DEFAULT+category:name:android.intent.category.HOME+category:name:android.intent.category.LAUNCHER
ADDED from src\main\AndroidManifest.xml:56:13-61:29
action#android.intent.action.MAIN
ADDED from src\main\AndroidManifest.xml:57:17-69
	android:name
		ADDED from src\main\AndroidManifest.xml:57:25-66
category#android.intent.category.DEFAULT
ADDED from src\main\AndroidManifest.xml:58:17-76
	android:name
		ADDED from src\main\AndroidManifest.xml:58:27-73
category#android.intent.category.HOME
ADDED from src\main\AndroidManifest.xml:59:17-73
	android:name
		ADDED from src\main\AndroidManifest.xml:59:27-70
category#android.intent.category.LAUNCHER
ADDED from src\main\AndroidManifest.xml:60:17-77
	android:name
		ADDED from src\main\AndroidManifest.xml:60:27-74
activity#ar.com.lrusso.blindcommunicator.app.BookmarksList
ADDED from src\main\AndroidManifest.xml:64:9-69:73
	android:label
		ADDED from src\main\AndroidManifest.xml:66:13-56
	android:launchMode
		ADDED from src\main\AndroidManifest.xml:65:13-44
	android:configChanges
		ADDED from src\main\AndroidManifest.xml:68:13-74
	android:theme
		ADDED from src\main\AndroidManifest.xml:69:13-71
	android:name
		ADDED from src\main\AndroidManifest.xml:67:13-77
activity#ar.com.lrusso.blindcommunicator.app.BookmarksDelete
ADDED from src\main\AndroidManifest.xml:71:9-76:73
	android:label
		ADDED from src\main\AndroidManifest.xml:73:13-56
	android:launchMode
		ADDED from src\main\AndroidManifest.xml:72:13-44
	android:configChanges
		ADDED from src\main\AndroidManifest.xml:75:13-74
	android:theme
		ADDED from src\main\AndroidManifest.xml:76:13-71
	android:name
		ADDED from src\main\AndroidManifest.xml:74:13-79
activity#ar.com.lrusso.blindcommunicator.app.Browser
ADDED from src\main\AndroidManifest.xml:78:9-83:73
	android:label
		ADDED from src\main\AndroidManifest.xml:80:13-56
	android:launchMode
		ADDED from src\main\AndroidManifest.xml:79:13-44
	android:configChanges
		ADDED from src\main\AndroidManifest.xml:82:13-74
	android:theme
		ADDED from src\main\AndroidManifest.xml:83:13-71
	android:name
		ADDED from src\main\AndroidManifest.xml:81:13-71
activity#ar.com.lrusso.blindcommunicator.app.BrowserPageViewer
ADDED from src\main\AndroidManifest.xml:85:9-90:73
	android:label
		ADDED from src\main\AndroidManifest.xml:87:13-56
	android:launchMode
		ADDED from src\main\AndroidManifest.xml:86:13-44
	android:configChanges
		ADDED from src\main\AndroidManifest.xml:89:13-74
	android:theme
		ADDED from src\main\AndroidManifest.xml:90:13-71
	android:name
		ADDED from src\main\AndroidManifest.xml:88:13-81
activity#ar.com.lrusso.blindcommunicator.app.Applications
ADDED from src\main\AndroidManifest.xml:92:9-97:73
	android:label
		ADDED from src\main\AndroidManifest.xml:94:13-56
	android:launchMode
		ADDED from src\main\AndroidManifest.xml:93:13-44
	android:configChanges
		ADDED from src\main\AndroidManifest.xml:96:13-74
	android:theme
		ADDED from src\main\AndroidManifest.xml:97:13-71
	android:name
		ADDED from src\main\AndroidManifest.xml:95:13-76
activity#ar.com.lrusso.blindcommunicator.app.VoiceRecorder
ADDED from src\main\AndroidManifest.xml:99:9-104:73
	android:label
		ADDED from src\main\AndroidManifest.xml:101:13-56
	android:launchMode
		ADDED from src\main\AndroidManifest.xml:100:13-44
	android:configChanges
		ADDED from src\main\AndroidManifest.xml:103:13-74
	android:theme
		ADDED from src\main\AndroidManifest.xml:104:13-71
	android:name
		ADDED from src\main\AndroidManifest.xml:102:13-77
activity#ar.com.lrusso.blindcommunicator.app.VoiceRecorderCreate
ADDED from src\main\AndroidManifest.xml:106:9-111:73
	android:label
		ADDED from src\main\AndroidManifest.xml:108:13-56
	android:launchMode
		ADDED from src\main\AndroidManifest.xml:107:13-44
	android:configChanges
		ADDED from src\main\AndroidManifest.xml:110:13-74
	android:theme
		ADDED from src\main\AndroidManifest.xml:111:13-71
	android:name
		ADDED from src\main\AndroidManifest.xml:109:13-83
activity#ar.com.lrusso.blindcommunicator.app.VoiceRecorderList
ADDED from src\main\AndroidManifest.xml:113:9-118:73
	android:label
		ADDED from src\main\AndroidManifest.xml:115:13-56
	android:launchMode
		ADDED from src\main\AndroidManifest.xml:114:13-44
	android:configChanges
		ADDED from src\main\AndroidManifest.xml:117:13-74
	android:theme
		ADDED from src\main\AndroidManifest.xml:118:13-71
	android:name
		ADDED from src\main\AndroidManifest.xml:116:13-81
activity#ar.com.lrusso.blindcommunicator.app.VoiceRecorderDelete
ADDED from src\main\AndroidManifest.xml:120:9-125:73
	android:label
		ADDED from src\main\AndroidManifest.xml:122:13-56
	android:launchMode
		ADDED from src\main\AndroidManifest.xml:121:13-44
	android:configChanges
		ADDED from src\main\AndroidManifest.xml:124:13-74
	android:theme
		ADDED from src\main\AndroidManifest.xml:125:13-71
	android:name
		ADDED from src\main\AndroidManifest.xml:123:13-83
activity#ar.com.lrusso.blindcommunicator.app.Alarms
ADDED from src\main\AndroidManifest.xml:127:9-132:73
	android:label
		ADDED from src\main\AndroidManifest.xml:129:13-56
	android:launchMode
		ADDED from src\main\AndroidManifest.xml:128:13-44
	android:configChanges
		ADDED from src\main\AndroidManifest.xml:131:13-74
	android:theme
		ADDED from src\main\AndroidManifest.xml:132:13-71
	android:name
		ADDED from src\main\AndroidManifest.xml:130:13-70
activity#ar.com.lrusso.blindcommunicator.app.AlarmsList
ADDED from src\main\AndroidManifest.xml:134:9-139:73
	android:label
		ADDED from src\main\AndroidManifest.xml:136:13-56
	android:launchMode
		ADDED from src\main\AndroidManifest.xml:135:13-44
	android:configChanges
		ADDED from src\main\AndroidManifest.xml:138:13-74
	android:theme
		ADDED from src\main\AndroidManifest.xml:139:13-71
	android:name
		ADDED from src\main\AndroidManifest.xml:137:13-74
activity#ar.com.lrusso.blindcommunicator.app.AlarmsCreate
ADDED from src\main\AndroidManifest.xml:141:9-146:73
	android:label
		ADDED from src\main\AndroidManifest.xml:143:13-56
	android:launchMode
		ADDED from src\main\AndroidManifest.xml:142:13-44
	android:configChanges
		ADDED from src\main\AndroidManifest.xml:145:13-74
	android:theme
		ADDED from src\main\AndroidManifest.xml:146:13-71
	android:name
		ADDED from src\main\AndroidManifest.xml:144:13-76
activity#ar.com.lrusso.blindcommunicator.app.AlarmsDelete
ADDED from src\main\AndroidManifest.xml:148:9-153:73
	android:label
		ADDED from src\main\AndroidManifest.xml:150:13-56
	android:launchMode
		ADDED from src\main\AndroidManifest.xml:149:13-44
	android:configChanges
		ADDED from src\main\AndroidManifest.xml:152:13-74
	android:theme
		ADDED from src\main\AndroidManifest.xml:153:13-71
	android:name
		ADDED from src\main\AndroidManifest.xml:151:13-76
activity#ar.com.lrusso.blindcommunicator.app.AlarmsDeleteAll
ADDED from src\main\AndroidManifest.xml:155:9-160:73
	android:label
		ADDED from src\main\AndroidManifest.xml:157:13-56
	android:launchMode
		ADDED from src\main\AndroidManifest.xml:156:13-44
	android:configChanges
		ADDED from src\main\AndroidManifest.xml:159:13-74
	android:theme
		ADDED from src\main\AndroidManifest.xml:160:13-71
	android:name
		ADDED from src\main\AndroidManifest.xml:158:13-79
activity#ar.com.lrusso.blindcommunicator.app.AlarmsNotifier
ADDED from src\main\AndroidManifest.xml:162:9-167:73
	android:label
		ADDED from src\main\AndroidManifest.xml:164:13-56
	android:launchMode
		ADDED from src\main\AndroidManifest.xml:163:13-43
	android:configChanges
		ADDED from src\main\AndroidManifest.xml:166:13-74
	android:theme
		ADDED from src\main\AndroidManifest.xml:167:13-71
	android:name
		ADDED from src\main\AndroidManifest.xml:165:13-78
activity#ar.com.lrusso.blindcommunicator.app.SettingsApp
ADDED from src\main\AndroidManifest.xml:169:9-174:73
	android:label
		ADDED from src\main\AndroidManifest.xml:171:13-56
	android:launchMode
		ADDED from src\main\AndroidManifest.xml:170:13-44
	android:configChanges
		ADDED from src\main\AndroidManifest.xml:173:13-74
	android:theme
		ADDED from src\main\AndroidManifest.xml:174:13-71
	android:name
		ADDED from src\main\AndroidManifest.xml:172:13-75
activity#ar.com.lrusso.blindcommunicator.app.MusicPlayer
ADDED from src\main\AndroidManifest.xml:176:9-181:73
	android:label
		ADDED from src\main\AndroidManifest.xml:178:13-56
	android:launchMode
		ADDED from src\main\AndroidManifest.xml:177:13-44
	android:configChanges
		ADDED from src\main\AndroidManifest.xml:180:13-74
	android:theme
		ADDED from src\main\AndroidManifest.xml:181:13-71
	android:name
		ADDED from src\main\AndroidManifest.xml:179:13-75
activity#ar.com.lrusso.blindcommunicator.app.MusicPlayerArtists
ADDED from src\main\AndroidManifest.xml:183:9-188:73
	android:label
		ADDED from src\main\AndroidManifest.xml:185:13-56
	android:launchMode
		ADDED from src\main\AndroidManifest.xml:184:13-44
	android:configChanges
		ADDED from src\main\AndroidManifest.xml:187:13-74
	android:theme
		ADDED from src\main\AndroidManifest.xml:188:13-71
	android:name
		ADDED from src\main\AndroidManifest.xml:186:13-82
activity#ar.com.lrusso.blindcommunicator.app.Messages
ADDED from src\main\AndroidManifest.xml:190:9-195:73
	android:label
		ADDED from src\main\AndroidManifest.xml:192:13-56
	android:launchMode
		ADDED from src\main\AndroidManifest.xml:191:13-44
	android:configChanges
		ADDED from src\main\AndroidManifest.xml:194:13-74
	android:theme
		ADDED from src\main\AndroidManifest.xml:195:13-71
	android:name
		ADDED from src\main\AndroidManifest.xml:193:13-72
activity#ar.com.lrusso.blindcommunicator.app.MessagesInbox
ADDED from src\main\AndroidManifest.xml:197:9-202:73
	android:label
		ADDED from src\main\AndroidManifest.xml:199:13-56
	android:launchMode
		ADDED from src\main\AndroidManifest.xml:198:13-44
	android:configChanges
		ADDED from src\main\AndroidManifest.xml:201:13-74
	android:theme
		ADDED from src\main\AndroidManifest.xml:202:13-71
	android:name
		ADDED from src\main\AndroidManifest.xml:200:13-77
activity#ar.com.lrusso.blindcommunicator.app.MessagesSent
ADDED from src\main\AndroidManifest.xml:204:9-209:73
	android:label
		ADDED from src\main\AndroidManifest.xml:206:13-56
	android:launchMode
		ADDED from src\main\AndroidManifest.xml:205:13-44
	android:configChanges
		ADDED from src\main\AndroidManifest.xml:208:13-74
	android:theme
		ADDED from src\main\AndroidManifest.xml:209:13-71
	android:name
		ADDED from src\main\AndroidManifest.xml:207:13-76
activity#ar.com.lrusso.blindcommunicator.app.MessagesSentDeleteAll
ADDED from src\main\AndroidManifest.xml:211:9-216:73
	android:label
		ADDED from src\main\AndroidManifest.xml:213:13-56
	android:launchMode
		ADDED from src\main\AndroidManifest.xml:212:13-44
	android:configChanges
		ADDED from src\main\AndroidManifest.xml:215:13-74
	android:theme
		ADDED from src\main\AndroidManifest.xml:216:13-71
	android:name
		ADDED from src\main\AndroidManifest.xml:214:13-85
activity#ar.com.lrusso.blindcommunicator.app.MessagesCompose
ADDED from src\main\AndroidManifest.xml:218:9-223:73
	android:label
		ADDED from src\main\AndroidManifest.xml:220:13-56
	android:launchMode
		ADDED from src\main\AndroidManifest.xml:219:13-44
	android:configChanges
		ADDED from src\main\AndroidManifest.xml:222:13-74
	android:theme
		ADDED from src\main\AndroidManifest.xml:223:13-71
	android:name
		ADDED from src\main\AndroidManifest.xml:221:13-79
activity#ar.com.lrusso.blindcommunicator.app.MessagesDelete
ADDED from src\main\AndroidManifest.xml:225:9-230:73
	android:label
		ADDED from src\main\AndroidManifest.xml:227:13-56
	android:launchMode
		ADDED from src\main\AndroidManifest.xml:226:13-44
	android:configChanges
		ADDED from src\main\AndroidManifest.xml:229:13-74
	android:theme
		ADDED from src\main\AndroidManifest.xml:230:13-71
	android:name
		ADDED from src\main\AndroidManifest.xml:228:13-78
activity#ar.com.lrusso.blindcommunicator.app.MessagesInboxDeleteAll
ADDED from src\main\AndroidManifest.xml:232:9-237:73
	android:label
		ADDED from src\main\AndroidManifest.xml:234:13-56
	android:launchMode
		ADDED from src\main\AndroidManifest.xml:233:13-44
	android:configChanges
		ADDED from src\main\AndroidManifest.xml:236:13-74
	android:theme
		ADDED from src\main\AndroidManifest.xml:237:13-71
	android:name
		ADDED from src\main\AndroidManifest.xml:235:13-86
activity#ar.com.lrusso.blindcommunicator.app.Calls
ADDED from src\main\AndroidManifest.xml:239:9-244:73
	android:label
		ADDED from src\main\AndroidManifest.xml:241:13-56
	android:launchMode
		ADDED from src\main\AndroidManifest.xml:240:13-44
	android:configChanges
		ADDED from src\main\AndroidManifest.xml:243:13-74
	android:theme
		ADDED from src\main\AndroidManifest.xml:244:13-71
	android:name
		ADDED from src\main\AndroidManifest.xml:242:13-69
activity#ar.com.lrusso.blindcommunicator.app.CallsMake
ADDED from src\main\AndroidManifest.xml:246:9-251:73
	android:label
		ADDED from src\main\AndroidManifest.xml:248:13-56
	android:launchMode
		ADDED from src\main\AndroidManifest.xml:247:13-44
	android:configChanges
		ADDED from src\main\AndroidManifest.xml:250:13-74
	android:theme
		ADDED from src\main\AndroidManifest.xml:251:13-71
	android:name
		ADDED from src\main\AndroidManifest.xml:249:13-73
activity#ar.com.lrusso.blindcommunicator.app.CallsLogs
ADDED from src\main\AndroidManifest.xml:253:9-258:73
	android:label
		ADDED from src\main\AndroidManifest.xml:255:13-56
	android:launchMode
		ADDED from src\main\AndroidManifest.xml:254:13-44
	android:configChanges
		ADDED from src\main\AndroidManifest.xml:257:13-74
	android:theme
		ADDED from src\main\AndroidManifest.xml:258:13-71
	android:name
		ADDED from src\main\AndroidManifest.xml:256:13-73
activity#ar.com.lrusso.blindcommunicator.app.CallsLogsDelete
ADDED from src\main\AndroidManifest.xml:260:9-265:73
	android:label
		ADDED from src\main\AndroidManifest.xml:262:13-56
	android:launchMode
		ADDED from src\main\AndroidManifest.xml:261:13-44
	android:configChanges
		ADDED from src\main\AndroidManifest.xml:264:13-74
	android:theme
		ADDED from src\main\AndroidManifest.xml:265:13-71
	android:name
		ADDED from src\main\AndroidManifest.xml:263:13-79
activity#ar.com.lrusso.blindcommunicator.app.Contacts
ADDED from src\main\AndroidManifest.xml:267:9-272:73
	android:label
		ADDED from src\main\AndroidManifest.xml:269:13-56
	android:launchMode
		ADDED from src\main\AndroidManifest.xml:268:13-44
	android:configChanges
		ADDED from src\main\AndroidManifest.xml:271:13-74
	android:theme
		ADDED from src\main\AndroidManifest.xml:272:13-71
	android:name
		ADDED from src\main\AndroidManifest.xml:270:13-72
activity#ar.com.lrusso.blindcommunicator.app.ContactsCreate
ADDED from src\main\AndroidManifest.xml:274:9-279:73
	android:label
		ADDED from src\main\AndroidManifest.xml:276:13-56
	android:launchMode
		ADDED from src\main\AndroidManifest.xml:275:13-44
	android:configChanges
		ADDED from src\main\AndroidManifest.xml:278:13-74
	android:theme
		ADDED from src\main\AndroidManifest.xml:279:13-71
	android:name
		ADDED from src\main\AndroidManifest.xml:277:13-78
activity#ar.com.lrusso.blindcommunicator.app.ContactsDelete
ADDED from src\main\AndroidManifest.xml:281:9-286:73
	android:label
		ADDED from src\main\AndroidManifest.xml:283:13-56
	android:launchMode
		ADDED from src\main\AndroidManifest.xml:282:13-44
	android:configChanges
		ADDED from src\main\AndroidManifest.xml:285:13-74
	android:theme
		ADDED from src\main\AndroidManifest.xml:286:13-71
	android:name
		ADDED from src\main\AndroidManifest.xml:284:13-78
activity#ar.com.lrusso.blindcommunicator.app.ContactsList
ADDED from src\main\AndroidManifest.xml:288:9-293:73
	android:label
		ADDED from src\main\AndroidManifest.xml:290:13-56
	android:launchMode
		ADDED from src\main\AndroidManifest.xml:289:13-44
	android:configChanges
		ADDED from src\main\AndroidManifest.xml:292:13-74
	android:theme
		ADDED from src\main\AndroidManifest.xml:293:13-71
	android:name
		ADDED from src\main\AndroidManifest.xml:291:13-76
activity#ar.com.lrusso.blindcommunicator.app.InputKeyboard
ADDED from src\main\AndroidManifest.xml:295:9-300:73
	android:label
		ADDED from src\main\AndroidManifest.xml:297:13-56
	android:launchMode
		ADDED from src\main\AndroidManifest.xml:296:13-44
	android:configChanges
		ADDED from src\main\AndroidManifest.xml:299:13-74
	android:theme
		ADDED from src\main\AndroidManifest.xml:300:13-71
	android:name
		ADDED from src\main\AndroidManifest.xml:298:13-77
activity#ar.com.lrusso.blindcommunicator.app.InputKeyboardTalkback
ADDED from src\main\AndroidManifest.xml:302:9-308:57
	android:label
		ADDED from src\main\AndroidManifest.xml:304:13-56
	android:launchMode
		ADDED from src\main\AndroidManifest.xml:303:13-44
	android:windowSoftInputMode
		ADDED from src\main\AndroidManifest.xml:308:13-55
	android:configChanges
		ADDED from src\main\AndroidManifest.xml:306:13-74
	android:theme
		ADDED from src\main\AndroidManifest.xml:307:13-71
	android:name
		ADDED from src\main\AndroidManifest.xml:305:13-85
activity#ar.com.lrusso.blindcommunicator.app.InputVoice
ADDED from src\main\AndroidManifest.xml:310:9-315:73
	android:label
		ADDED from src\main\AndroidManifest.xml:312:13-56
	android:launchMode
		ADDED from src\main\AndroidManifest.xml:311:13-44
	android:configChanges
		ADDED from src\main\AndroidManifest.xml:314:13-74
	android:theme
		ADDED from src\main\AndroidManifest.xml:315:13-71
	android:name
		ADDED from src\main\AndroidManifest.xml:313:13-74
service#ar.com.lrusso.blindcommunicator.app.BlindCommunicatorService
ADDED from src\main\AndroidManifest.xml:317:9-118
	android:enabled
		ADDED from src\main\AndroidManifest.xml:317:18-40
	android:name
		ADDED from src\main\AndroidManifest.xml:317:41-116
receiver#ar.com.lrusso.blindcommunicator.app.AlarmsReceiver
ADDED from src\main\AndroidManifest.xml:319:9-323:20
	android:name
		ADDED from src\main\AndroidManifest.xml:319:19-84
intent-filter#action:name:AR.COM.LRUSSO.BLINDCOMMUNICATOR.ALARM
ADDED from src\main\AndroidManifest.xml:320:13-322:29
action#AR.COM.LRUSSO.BLINDCOMMUNICATOR.ALARM
ADDED from src\main\AndroidManifest.xml:321:17-79
	android:name
		ADDED from src\main\AndroidManifest.xml:321:25-77
receiver#ar.com.lrusso.blindcommunicator.app.app.SmsReceiver
ADDED from src\main\AndroidManifest.xml:326:9-331:20
	android:permission
		ADDED from src\main\AndroidManifest.xml:327:13-66
	android:name
		ADDED from src\main\AndroidManifest.xml:326:19-50
intent-filter#action:name:android.provider.Telephony.SMS_DELIVER
ADDED from src\main\AndroidManifest.xml:328:13-330:29
action#android.provider.Telephony.SMS_DELIVER
ADDED from src\main\AndroidManifest.xml:329:17-81
	android:name
		ADDED from src\main\AndroidManifest.xml:329:25-78
receiver#ar.com.lrusso.blindcommunicator.app.app.MmsReceiver
ADDED from src\main\AndroidManifest.xml:334:9-340:20
	android:permission
		ADDED from src\main\AndroidManifest.xml:335:13-71
	android:name
		ADDED from src\main\AndroidManifest.xml:334:19-50
intent-filter#action:name:android.provider.Telephony.WAP_PUSH_DELIVER+data:mimeType:application/vnd.wap.mms-message
ADDED from src\main\AndroidManifest.xml:336:13-339:29
action#android.provider.Telephony.WAP_PUSH_DELIVER
ADDED from src\main\AndroidManifest.xml:337:17-86
	android:name
		ADDED from src\main\AndroidManifest.xml:337:25-83
data
ADDED from src\main\AndroidManifest.xml:338:17-76
	android:scheme
		ADDED from src\main\AndroidManifest.xml:349:23-43
	android:mimeType
		ADDED from src\main\AndroidManifest.xml:338:23-73
activity#ar.com.lrusso.blindcommunicator.app.app.ComposeSmsActivity
ADDED from src\main\AndroidManifest.xml:343:9-354:20
	android:name
		ADDED from src\main\AndroidManifest.xml:343:19-57
intent-filter#action:name:android.intent.action.SEND+action:name:android.intent.action.SENDTO+category:name:android.intent.category.BROWSABLE+category:name:android.intent.category.DEFAULT+data:scheme:mms+data:scheme:mmsto+data:scheme:sms+data:scheme:smsto
ADDED from src\main\AndroidManifest.xml:344:13-353:29
action#android.intent.action.SEND
ADDED from src\main\AndroidManifest.xml:345:17-69
	android:name
		ADDED from src\main\AndroidManifest.xml:345:25-66
action#android.intent.action.SENDTO
ADDED from src\main\AndroidManifest.xml:346:17-71
	android:name
		ADDED from src\main\AndroidManifest.xml:346:25-68
category#android.intent.category.BROWSABLE
ADDED from src\main\AndroidManifest.xml:348:17-78
	android:name
		ADDED from src\main\AndroidManifest.xml:348:27-75
service#ar.com.lrusso.blindcommunicator.app.app.HeadlessSmsSendService
ADDED from src\main\AndroidManifest.xml:357:9-368:19
	android:exported
		ADDED from src\main\AndroidManifest.xml:359:13-36
	android:permission
		ADDED from src\main\AndroidManifest.xml:358:13-77
	android:name
		ADDED from src\main\AndroidManifest.xml:357:18-60
intent-filter#action:name:android.intent.action.RESPOND_VIA_MESSAGE+category:name:android.intent.category.DEFAULT+data:scheme:mms+data:scheme:mmsto+data:scheme:sms+data:scheme:smsto
ADDED from src\main\AndroidManifest.xml:360:13-367:29
action#android.intent.action.RESPOND_VIA_MESSAGE
ADDED from src\main\AndroidManifest.xml:361:17-84
	android:name
		ADDED from src\main\AndroidManifest.xml:361:25-81
uses-sdk
INJECTED from src\main\AndroidManifest.xml reason: use-sdk injection requested
INJECTED from src\main\AndroidManifest.xml
INJECTED from src\main\AndroidManifest.xml
INJECTED from src\main\AndroidManifest.xml
INJECTED from src\main\AndroidManifest.xml
	android:targetSdkVersion
		INJECTED from src\main\AndroidManifest.xml
		ADDED from src\main\AndroidManifest.xml
		INJECTED from src\main\AndroidManifest.xml
	android:minSdkVersion
		INJECTED from src\main\AndroidManifest.xml
		ADDED from src\main\AndroidManifest.xml
		INJECTED from src\main\AndroidManifest.xml